#
# A fatal error has been detected by the Java Runtime Environment:
#
#  EXCEPTION_STACK_OVERFLOW (0xc00000fd) at pc=0x00007ffda9c62753, pid=15940, tid=1548
#
# JRE version: Java(TM) SE Runtime Environment (19.0.1+10) (build 19.0.1+10-21)
# Java VM: Java HotSpot(TM) 64-Bit Server VM (19.0.1+10-21, mixed mode, sharing, tiered, compressed oops, compressed class ptrs, g1 gc, windows-amd64)
# Problematic frame:
# V  [jvm.dll+0x3e2753]
#
# No core dump will be written. Minidumps are not enabled by default on client versions of Windows
#
# If you would like to submit a bug report, please visit:
#   https://bugreport.java.com/bugreport/crash.jsp
#

---------------  S U M M A R Y ------------

Command Line: --add-modules=ALL-DEFAULT jdk.compiler/com.sun.tools.javac.launcher.Main client.java

Host: Intel(R) Core(TM) i5-9300HF CPU @ 2.40GHz, 8 cores, 7G,  Windows 10 , 64 bit Build 19041 (10.0.19041.2251)
Time: Wed Nov 16 22:51:39 2022 India Standard Time elapsed time: 1.504810 seconds (0d 0h 0m 1s)

---------------  T H R E A D  ---------------

Current thread (0x00000293459cd840):  JavaThread "pool-4-thread-1" [_thread_in_vm, id=1548, stack(0x000000f3d4900000,0x000000f3d4a00000)]

Stack: [0x000000f3d4900000,0x000000f3d4a00000],  sp=0x000000f3d49ff830,  free space=1022k
Native frames: (J=compiled Java code, j=interpreted, Vv=VM code, C=native code)
V  [jvm.dll+0x3e2753]
V  [jvm.dll+0x6ee822]
V  [jvm.dll+0x3e335b]
V  [jvm.dll+0x3e35e7]
V  [jvm.dll+0x46bd95]
V  [jvm.dll+0x807928]
V  [jvm.dll+0x8015fa]
