#
# There is insufficient memory for the Java Runtime Environment to continue.
# Native memory allocation (malloc) failed to allocate 636608 bytes for Chunk::new
# Possible reasons:
#   The system is out of physical RAM or swap space
#   The process is running with CompressedOops enabled, and the Java Heap may be blocking the growth of the native heap
# Possible solutions:
#   Reduce memory load on the system
#   Increase physical memory or swap space
#   Check if swap backing store is full
#   Decrease Java heap size (-Xmx/-Xms)
#   Decrease number of Java threads
#   Decrease Java thread stack sizes (-Xss)
#   Set larger code cache with -XX:ReservedCodeCacheSize=
#   JVM is running with Unscaled Compressed Oops mode in which the Java heap is
#     placed in the first 4GB address space. The Java Heap base address is the
#     maximum limit for the native heap growth. Please use -XX:HeapBaseMinAddress
#     to set the Java Heap base and to place the Java Heap above 4GB virtual address.
# This output file may be truncated or incomplete.
#
#  Out of Memory Error (arena.cpp:184), pid=18712, tid=1324
#
# JRE version: Java(TM) SE Runtime Environment (19.0.1+10) (build 19.0.1+10-21)
# Java VM: Java HotSpot(TM) 64-Bit Server VM (19.0.1+10-21, mixed mode, sharing, tiered, compressed oops, compressed class ptrs, g1 gc, windows-amd64)
# No core dump will be written. Minidumps are not enabled by default on client versions of Windows
#

---------------  S U M M A R Y ------------

Command Line: --add-modules=ALL-DEFAULT jdk.compiler/com.sun.tools.javac.launcher.Main client.java

Host: Intel(R) Core(TM) i5-9300HF CPU @ 2.40GHz, 8 cores, 7G,  Windows 10 , 64 bit Build 19041 (10.0.19041.2251)
Time: Thu Nov 17 21:00:18 2022 India Standard Time elapsed time: 1.853650 seconds (0d 0h 0m 1s)

---------------  T H R E A D  ---------------

Current thread (0x00000228b3933bb0):  JavaThread "C2 CompilerThread2" daemon [_thread_in_native, id=1324, stack(0x0000003e57c00000,0x0000003e57d00000)]


Current CompileTask:
C2:   1853 1970   !   4       java.io.BufferedWriter::flush (63 bytes)

Stack: [0x0000003e57c00000,0x0000003e57d00000]
Native frames: (J=compiled Java code, j=interpreted, Vv=VM code, C=native code)
V  [jvm.dll+0x6ee8fa]
V  [jvm.dll+0x857a1e]
V  [jvm.dll+0x85940e]
V  [jvm.dll+0x859ac3]
V  [jvm.dll+0x28291f]
V  [jvm.dll+0xc9b5f]
V  [jvm.dll+0xc9ee5]
V  [jvm.dll+0x3bcbac]
V  [jvm.dll+0x386201]
V  [jvm.dll+0x38567a]
V  [jvm.dll+0x24c2c9]
V  [jvm.dll+0x24b671]
V  [jvm.dll+0x1d6d61]
V  [jvm.dll+0x25b0fa]
V  [jvm.dll+0x259588]
V  [jvm.dll+0x807928]
V  [jvm.dll+0x8015fa]
V  [jvm.dll+0x6ed5eb]
C  [ucrtbase.dll+0x21bb2]
C  [KERNEL32.DLL+0x174b4]
C  [ntdll.dll+0x526a1]


---------------  P R O C E S S  ---------------

Threads class SMR info:
_java_thread_list=0x00000228b3789170, length=49, elements={
0x000002288d78e1f0, 0x00000228ae109f30, 0x00000228ae10ad20, 0x00000228ae10bed0,
0x00000228ae10faa0, 0x00000228ae1117a0, 0x00000228ae114ba0, 0x00000228ae116940,
0x00000228ae1172b0, 0x00000228ae112670, 0x00000228ae112bc0, 0x00000228ae113110,
0x00000228ae113bb0, 0x00000228ae112120, 0x00000228ae114650, 0x00000228ae113660,
0x00000228ae114100, 0x00000228b2d82390, 0x00000228b2d7d3e0, 0x00000228b2d82e30,
0x00000228b2d83e20, 0x00000228b2d803b0, 0x00000228b2d828e0, 0x00000228b2d83380,
0x00000228b2d7fe60, 0x00000228b2d813a0, 0x00000228b2d818f0, 0x00000228b2d838d0,
0x00000228b2d7c3f0, 0x00000228b2d7c940, 0x00000228b2a58bd0, 0x00000228b2d7ce90,
0x00000228b2d7f910, 0x00000228b2d80e50, 0x00000228b2d7d930, 0x00000228b2d81e40,
0x00000228b2d7de80, 0x00000228b2d7e3d0, 0x00000228b2d7e920, 0x00000228b2d7ee70,
0x00000228b2d7f3c0, 0x00000228ae1150f0, 0x00000228ae115640, 0x00000228b2feb930,
0x00000228b2fec3d0, 0x00000228b2fe6430, 0x00000228b2fec920, 0x00000228b2fe7420,
0x00000228b3933bb0
}

Java Threads: ( => current thread )
  0x000002288d78e1f0 JavaThread "main" [_thread_blocked, id=9356, stack(0x0000003e53e00000,0x0000003e53f00000)]
  0x00000228ae109f30 JavaThread "Reference Handler" daemon [_thread_blocked, id=20236, stack(0x0000003e54500000,0x0000003e54600000)]
  0x00000228ae10ad20 JavaThread "Finalizer" daemon [_thread_blocked, id=8912, stack(0x0000003e54600000,0x0000003e54700000)]
  0x00000228ae10bed0 JavaThread "Signal Dispatcher" daemon [_thread_blocked, id=592, stack(0x0000003e54700000,0x0000003e54800000)]
  0x00000228ae10faa0 JavaThread "Attach Listener" daemon [_thread_blocked, id=17952, stack(0x0000003e54800000,0x0000003e54900000)]
  0x00000228ae1117a0 JavaThread "Service Thread" daemon [_thread_blocked, id=17612, stack(0x0000003e54900000,0x0000003e54a00000)]
  0x00000228ae114ba0 JavaThread "Monitor Deflation Thread" daemon [_thread_blocked, id=9836, stack(0x0000003e54a00000,0x0000003e54b00000)]
  0x00000228ae116940 JavaThread "C2 CompilerThread0" daemon [_thread_in_native, id=20376, stack(0x0000003e54b00000,0x0000003e54c00000)]
  0x00000228ae1172b0 JavaThread "C1 CompilerThread0" daemon [_thread_blocked, id=17320, stack(0x0000003e54c00000,0x0000003e54d00000)]
  0x00000228ae112670 JavaThread "Sweeper thread" daemon [_thread_blocked, id=9060, stack(0x0000003e54d00000,0x0000003e54e00000)]
  0x00000228ae112bc0 JavaThread "Common-Cleaner" daemon [_thread_blocked, id=18372, stack(0x0000003e54e00000,0x0000003e54f00000)]
  0x00000228ae113110 JavaThread "Notification Thread" daemon [_thread_blocked, id=6188, stack(0x0000003e54f00000,0x0000003e55000000)]
  0x00000228ae113bb0 JavaThread "pool-1-thread-1" [_thread_in_native, id=2548, stack(0x0000003e55800000,0x0000003e55900000)]
  0x00000228ae112120 JavaThread "pool-1-thread-2" [_thread_in_native, id=18284, stack(0x0000003e55900000,0x0000003e55a00000)]
  0x00000228ae114650 JavaThread "pool-1-thread-3" [_thread_in_native, id=13776, stack(0x0000003e55a00000,0x0000003e55b00000)]
  0x00000228ae113660 JavaThread "pool-1-thread-4" [_thread_in_native, id=14404, stack(0x0000003e55b00000,0x0000003e55c00000)]
  0x00000228ae114100 JavaThread "pool-1-thread-5" [_thread_in_native, id=1004, stack(0x0000003e55c00000,0x0000003e55d00000)]
  0x00000228b2d82390 JavaThread "pool-2-thread-1" [_thread_in_native, id=14808, stack(0x0000003e55100000,0x0000003e55200000)]
  0x00000228b2d7d3e0 JavaThread "pool-2-thread-2" [_thread_in_native, id=19896, stack(0x0000003e55200000,0x0000003e55300000)]
  0x00000228b2d82e30 JavaThread "pool-2-thread-3" [_thread_in_native, id=19400, stack(0x0000003e55d00000,0x0000003e55e00000)]
  0x00000228b2d83e20 JavaThread "pool-2-thread-4" [_thread_in_native, id=15784, stack(0x0000003e55e00000,0x0000003e55f00000)]
  0x00000228b2d803b0 JavaThread "pool-2-thread-5" [_thread_in_native, id=15264, stack(0x0000003e55f00000,0x0000003e56000000)]
  0x00000228b2d828e0 JavaThread "pool-2-thread-6" [_thread_in_native, id=19684, stack(0x0000003e56000000,0x0000003e56100000)]
  0x00000228b2d83380 JavaThread "pool-2-thread-7" [_thread_in_native, id=20208, stack(0x0000003e56100000,0x0000003e56200000)]
  0x00000228b2d7fe60 JavaThread "pool-2-thread-8" [_thread_in_native, id=20408, stack(0x0000003e56200000,0x0000003e56300000)]
  0x00000228b2d813a0 JavaThread "pool-2-thread-9" [_thread_in_native, id=19424, stack(0x0000003e56300000,0x0000003e56400000)]
  0x00000228b2d818f0 JavaThread "pool-2-thread-10" [_thread_in_native, id=9868, stack(0x0000003e56400000,0x0000003e56500000)]
  0x00000228b2d838d0 JavaThread "pool-2-thread-11" [_thread_in_native, id=17692, stack(0x0000003e56500000,0x0000003e56600000)]
  0x00000228b2d7c3f0 JavaThread "pool-2-thread-12" [_thread_in_native, id=18648, stack(0x0000003e56600000,0x0000003e56700000)]
  0x00000228b2d7c940 JavaThread "pool-2-thread-13" [_thread_in_native, id=18496, stack(0x0000003e56700000,0x0000003e56800000)]
  0x00000228b2a58bd0 JavaThread "C2 CompilerThread1" daemon [_thread_in_native, id=7488, stack(0x0000003e56800000,0x0000003e56900000)]
  0x00000228b2d7ce90 JavaThread "pool-2-thread-14" [_thread_in_native, id=3872, stack(0x0000003e56900000,0x0000003e56a00000)]
  0x00000228b2d7f910 JavaThread "pool-2-thread-15" [_thread_in_native, id=11696, stack(0x0000003e56a00000,0x0000003e56b00000)]
  0x00000228b2d80e50 JavaThread "pool-2-thread-16" [_thread_in_native, id=13608, stack(0x0000003e56b00000,0x0000003e56c00000)]
  0x00000228b2d7d930 JavaThread "pool-2-thread-17" [_thread_in_native, id=5988, stack(0x0000003e56c00000,0x0000003e56d00000)]
  0x00000228b2d81e40 JavaThread "pool-2-thread-18" [_thread_in_native, id=1236, stack(0x0000003e56d00000,0x0000003e56e00000)]
  0x00000228b2d7de80 JavaThread "pool-2-thread-19" [_thread_in_native, id=3904, stack(0x0000003e56e00000,0x0000003e56f00000)]
  0x00000228b2d7e3d0 JavaThread "pool-2-thread-20" [_thread_in_native, id=3316, stack(0x0000003e56f00000,0x0000003e57000000)]
  0x00000228b2d7e920 JavaThread "pool-2-thread-21" [_thread_in_native, id=1192, stack(0x0000003e57000000,0x0000003e57100000)]
  0x00000228b2d7ee70 JavaThread "pool-2-thread-22" [_thread_in_native, id=15292, stack(0x0000003e57100000,0x0000003e57200000)]
  0x00000228b2d7f3c0 JavaThread "pool-2-thread-23" [_thread_in_native, id=11604, stack(0x0000003e57200000,0x0000003e57300000)]
  0x00000228ae1150f0 JavaThread "pool-2-thread-24" [_thread_in_native, id=5652, stack(0x0000003e57300000,0x0000003e57400000)]
  0x00000228ae115640 JavaThread "pool-2-thread-25" [_thread_in_native, id=1988, stack(0x0000003e57400000,0x0000003e57500000)]
  0x00000228b2feb930 JavaThread "pool-2-thread-26" [_thread_in_native, id=18484, stack(0x0000003e57500000,0x0000003e57600000)]
  0x00000228b2fec3d0 JavaThread "pool-2-thread-27" [_thread_in_native, id=14308, stack(0x0000003e57600000,0x0000003e57700000)]
  0x00000228b2fe6430 JavaThread "pool-2-thread-28" [_thread_in_native, id=8600, stack(0x0000003e57700000,0x0000003e57800000)]
  0x00000228b2fec920 JavaThread "pool-2-thread-29" [_thread_in_native, id=3860, stack(0x0000003e57800000,0x0000003e57900000)]
  0x00000228b2fe7420 JavaThread "pool-2-thread-30" [_thread_in_native, id=17068, stack(0x0000003e57900000,0x0000003e57a00000)]
=>0x00000228b3933bb0 JavaThread "C2 CompilerThread2" daemon [_thread_in_native, id=1324, stack(0x0000003e57c00000,0x0000003e57d00000)]

Other Threads:
  0x00000228ae0ee940 VMThread "VM Thread" [stack: 0x0000003e54400000,0x0000003e54500000] [id=18700]
  0x00000228b250f5a0 WatcherThread "VM Periodic Task Thread" [stack: 0x0000003e55000000,0x0000003e55100000] [id=8316]
  0x000002288f91e950 WorkerThread "GC Thread#0" [stack: 0x0000003e53f00000,0x0000003e54000000] [id=1120]
  0x00000228b28e8850 WorkerThread "GC Thread#1" [stack: 0x0000003e55300000,0x0000003e55400000] [id=9376]
  0x00000228b28e8b20 WorkerThread "GC Thread#2" [stack: 0x0000003e55400000,0x0000003e55500000] [id=500]
  0x00000228b2e03080 WorkerThread "GC Thread#3" [stack: 0x0000003e55500000,0x0000003e55600000] [id=8836]
  0x00000228b2e03350 WorkerThread "GC Thread#4" [stack: 0x0000003e55600000,0x0000003e55700000] [id=4252]
  0x00000228b2d0ef10 WorkerThread "GC Thread#5" [stack: 0x0000003e55700000,0x0000003e55800000] [id=3364]
  0x00000228b2d0fff0 WorkerThread "GC Thread#6" [stack: 0x0000003e57a00000,0x0000003e57b00000] [id=16060]
  0x00000228b2d10590 WorkerThread "GC Thread#7" [stack: 0x0000003e57b00000,0x0000003e57c00000] [id=15912]
  0x000002288f92f670 ConcurrentGCThread "G1 Main Marker" [stack: 0x0000003e54000000,0x0000003e54100000] [id=3112]
  0x000002288f930240 WorkerThread "G1 Conc#0" [stack: 0x0000003e54100000,0x0000003e54200000] [id=11540]
  0x000002288f98ea80 ConcurrentGCThread "G1 Refine#0" [stack: 0x0000003e54200000,0x0000003e54300000] [id=6860]
  0x00000228adfab760 ConcurrentGCThread "G1 Service" [stack: 0x0000003e54300000,0x0000003e54400000] [id=6792]

Threads with active compile tasks:
C2 CompilerThread0     1876 1982       4       java.util.Scanner::findPatternInBuffer (169 bytes)
C1 CompilerThread0     1876 2008   !   2       sun.nio.ch.FileChannelImpl::read (289 bytes)
C2 CompilerThread1     1876 1963       4       java.io.OutputStreamWriter::flush (8 bytes)
C2 CompilerThread2     1876 1970   !   4       java.io.BufferedWriter::flush (63 bytes)

VM state: not at safepoint (normal execution)

VM Mutex/Monitor currently owned by a thread: None

Heap address: 0x0000000081200000, size: 2030 MB, Compressed Oops mode: 32-bit

CDS archive(s) mapped at: [0x0000000800000000-0x0000000800c40000-0x0000000800c40000), size 12845056, SharedBaseAddress: 0x0000000800000000, ArchiveRelocationMode: 0.
Compressed class space mapped at: 0x0000000801000000-0x0000000841000000, reserved size: 1073741824
Narrow klass base: 0x0000000800000000, Narrow klass shift: 0, Narrow klass range: 0x100000000

GC Precious Log:
 CardTable entry size: 512
 Card Set container configuration: InlinePtr #cards 5 size 8 Array Of Cards #cards 12 size 40 Howl #buckets 4 coarsen threshold 1843 Howl Bitmap #cards 512 size 80 coarsen threshold 460 Card regions per heap region 1 cards per card region 2048
 CPUs: 8 total, 8 available
 Memory: 8112M
 Large Page Support: Disabled
 NUMA Support: Disabled
 Compressed Oops: Enabled (32-bit)
 Heap Region Size: 1M
 Heap Min Capacity: 8M
 Heap Initial Capacity: 128M
 Heap Max Capacity: 2030M
 Pre-touch: Disabled
 Parallel Workers: 8
 Concurrent Workers: 2
 Concurrent Refinement Workers: 8
 Periodic GC: Disabled

Heap:
 garbage-first heap   total 131072K, used 38796K [0x0000000081200000, 0x0000000100000000)
  region size 1024K, 34 young (34816K), 3 survivors (3072K)
 Metaspace       used 11141K, committed 11584K, reserved 1114112K
  class space    used 1320K, committed 1536K, reserved 1048576K

Heap Regions: E=young(eden), S=young(survivor), O=old, HS=humongous(starts), HC=humongous(continues), CS=collection set, F=free, OA=open archive, CA=closed archive, TAMS=top-at-mark-start (previous, next)
|   0|0x0000000081200000, 0x0000000081300000, 0x0000000081300000|100%| O|  |TAMS 0x0000000081200000, 0x0000000081200000| Untracked 
|   1|0x0000000081300000, 0x0000000081400000, 0x0000000081400000|100%| O|  |TAMS 0x0000000081300000, 0x0000000081300000| Untracked 
|   2|0x0000000081400000, 0x0000000081500000, 0x0000000081500000|100%| O|  |TAMS 0x0000000081400000, 0x0000000081400000| Untracked 
|   3|0x0000000081500000, 0x0000000081600000, 0x0000000081600000|100%| O|  |TAMS 0x0000000081500000, 0x0000000081500000| Untracked 
|   4|0x0000000081600000, 0x0000000081700000, 0x0000000081700000|100%| O|  |TAMS 0x0000000081600000, 0x0000000081600000| Untracked 
|   5|0x0000000081700000, 0x0000000081731600, 0x0000000081800000| 19%| O|  |TAMS 0x0000000081700000, 0x0000000081700000| Untracked 
|   6|0x0000000081800000, 0x0000000081800000, 0x0000000081900000|  0%| F|  |TAMS 0x0000000081800000, 0x0000000081800000| Untracked 
|   7|0x0000000081900000, 0x0000000081900000, 0x0000000081a00000|  0%| F|  |TAMS 0x0000000081900000, 0x0000000081900000| Untracked 
|   8|0x0000000081a00000, 0x0000000081a00000, 0x0000000081b00000|  0%| F|  |TAMS 0x0000000081a00000, 0x0000000081a00000| Untracked 
|   9|0x0000000081b00000, 0x0000000081b00000, 0x0000000081c00000|  0%| F|  |TAMS 0x0000000081b00000, 0x0000000081b00000| Untracked 
|  10|0x0000000081c00000, 0x0000000081c00000, 0x0000000081d00000|  0%| F|  |TAMS 0x0000000081c00000, 0x0000000081c00000| Untracked 
|  11|0x0000000081d00000, 0x0000000081d00000, 0x0000000081e00000|  0%| F|  |TAMS 0x0000000081d00000, 0x0000000081d00000| Untracked 
|  12|0x0000000081e00000, 0x0000000081e00000, 0x0000000081f00000|  0%| F|  |TAMS 0x0000000081e00000, 0x0000000081e00000| Untracked 
|  13|0x0000000081f00000, 0x0000000081f00000, 0x0000000082000000|  0%| F|  |TAMS 0x0000000081f00000, 0x0000000081f00000| Untracked 
|  14|0x0000000082000000, 0x0000000082000000, 0x0000000082100000|  0%| F|  |TAMS 0x0000000082000000, 0x0000000082000000| Untracked 
|  15|0x0000000082100000, 0x0000000082100000, 0x0000000082200000|  0%| F|  |TAMS 0x0000000082100000, 0x0000000082100000| Untracked 
|  16|0x0000000082200000, 0x0000000082200000, 0x0000000082300000|  0%| F|  |TAMS 0x0000000082200000, 0x0000000082200000| Untracked 
|  17|0x0000000082300000, 0x0000000082300000, 0x0000000082400000|  0%| F|  |TAMS 0x0000000082300000, 0x0000000082300000| Untracked 
|  18|0x0000000082400000, 0x0000000082400000, 0x0000000082500000|  0%| F|  |TAMS 0x0000000082400000, 0x0000000082400000| Untracked 
|  19|0x0000000082500000, 0x0000000082500000, 0x0000000082600000|  0%| F|  |TAMS 0x0000000082500000, 0x0000000082500000| Untracked 
|  20|0x0000000082600000, 0x0000000082600000, 0x0000000082700000|  0%| F|  |TAMS 0x0000000082600000, 0x0000000082600000| Untracked 
|  21|0x0000000082700000, 0x0000000082700000, 0x0000000082800000|  0%| F|  |TAMS 0x0000000082700000, 0x0000000082700000| Untracked 
|  22|0x0000000082800000, 0x0000000082800000, 0x0000000082900000|  0%| F|  |TAMS 0x0000000082800000, 0x0000000082800000| Untracked 
|  23|0x0000000082900000, 0x0000000082900000, 0x0000000082a00000|  0%| F|  |TAMS 0x0000000082900000, 0x0000000082900000| Untracked 
|  24|0x0000000082a00000, 0x0000000082a00000, 0x0000000082b00000|  0%| F|  |TAMS 0x0000000082a00000, 0x0000000082a00000| Untracked 
|  25|0x0000000082b00000, 0x0000000082b00000, 0x0000000082c00000|  0%| F|  |TAMS 0x0000000082b00000, 0x0000000082b00000| Untracked 
|  26|0x0000000082c00000, 0x0000000082c00000, 0x0000000082d00000|  0%| F|  |TAMS 0x0000000082c00000, 0x0000000082c00000| Untracked 
|  27|0x0000000082d00000, 0x0000000082d00000, 0x0000000082e00000|  0%| F|  |TAMS 0x0000000082d00000, 0x0000000082d00000| Untracked 
|  28|0x0000000082e00000, 0x0000000082e00000, 0x0000000082f00000|  0%| F|  |TAMS 0x0000000082e00000, 0x0000000082e00000| Untracked 
|  29|0x0000000082f00000, 0x0000000082f00000, 0x0000000083000000|  0%| F|  |TAMS 0x0000000082f00000, 0x0000000082f00000| Untracked 
|  30|0x0000000083000000, 0x0000000083000000, 0x0000000083100000|  0%| F|  |TAMS 0x0000000083000000, 0x0000000083000000| Untracked 
|  31|0x0000000083100000, 0x0000000083100000, 0x0000000083200000|  0%| F|  |TAMS 0x0000000083100000, 0x0000000083100000| Untracked 
|  32|0x0000000083200000, 0x0000000083200000, 0x0000000083300000|  0%| F|  |TAMS 0x0000000083200000, 0x0000000083200000| Untracked 
|  33|0x0000000083300000, 0x0000000083300000, 0x0000000083400000|  0%| F|  |TAMS 0x0000000083300000, 0x0000000083300000| Untracked 
|  34|0x0000000083400000, 0x0000000083400000, 0x0000000083500000|  0%| F|  |TAMS 0x0000000083400000, 0x0000000083400000| Untracked 
|  35|0x0000000083500000, 0x0000000083500000, 0x0000000083600000|  0%| F|  |TAMS 0x0000000083500000, 0x0000000083500000| Untracked 
|  36|0x0000000083600000, 0x0000000083600000, 0x0000000083700000|  0%| F|  |TAMS 0x0000000083600000, 0x0000000083600000| Untracked 
|  37|0x0000000083700000, 0x0000000083700000, 0x0000000083800000|  0%| F|  |TAMS 0x0000000083700000, 0x0000000083700000| Untracked 
|  38|0x0000000083800000, 0x0000000083800000, 0x0000000083900000|  0%| F|  |TAMS 0x0000000083800000, 0x0000000083800000| Untracked 
|  39|0x0000000083900000, 0x0000000083900000, 0x0000000083a00000|  0%| F|  |TAMS 0x0000000083900000, 0x0000000083900000| Untracked 
|  40|0x0000000083a00000, 0x0000000083a00000, 0x0000000083b00000|  0%| F|  |TAMS 0x0000000083a00000, 0x0000000083a00000| Untracked 
|  41|0x0000000083b00000, 0x0000000083b00000, 0x0000000083c00000|  0%| F|  |TAMS 0x0000000083b00000, 0x0000000083b00000| Untracked 
|  42|0x0000000083c00000, 0x0000000083c00000, 0x0000000083d00000|  0%| F|  |TAMS 0x0000000083c00000, 0x0000000083c00000| Untracked 
|  43|0x0000000083d00000, 0x0000000083d00000, 0x0000000083e00000|  0%| F|  |TAMS 0x0000000083d00000, 0x0000000083d00000| Untracked 
|  44|0x0000000083e00000, 0x0000000083e00000, 0x0000000083f00000|  0%| F|  |TAMS 0x0000000083e00000, 0x0000000083e00000| Untracked 
|  45|0x0000000083f00000, 0x0000000083f00000, 0x0000000084000000|  0%| F|  |TAMS 0x0000000083f00000, 0x0000000083f00000| Untracked 
|  46|0x0000000084000000, 0x0000000084000000, 0x0000000084100000|  0%| F|  |TAMS 0x0000000084000000, 0x0000000084000000| Untracked 
|  47|0x0000000084100000, 0x0000000084100000, 0x0000000084200000|  0%| F|  |TAMS 0x0000000084100000, 0x0000000084100000| Untracked 
|  48|0x0000000084200000, 0x0000000084200000, 0x0000000084300000|  0%| F|  |TAMS 0x0000000084200000, 0x0000000084200000| Untracked 
|  49|0x0000000084300000, 0x0000000084300000, 0x0000000084400000|  0%| F|  |TAMS 0x0000000084300000, 0x0000000084300000| Untracked 
|  50|0x0000000084400000, 0x0000000084400000, 0x0000000084500000|  0%| F|  |TAMS 0x0000000084400000, 0x0000000084400000| Untracked 
|  51|0x0000000084500000, 0x0000000084500000, 0x0000000084600000|  0%| F|  |TAMS 0x0000000084500000, 0x0000000084500000| Untracked 
|  52|0x0000000084600000, 0x0000000084600000, 0x0000000084700000|  0%| F|  |TAMS 0x0000000084600000, 0x0000000084600000| Untracked 
|  53|0x0000000084700000, 0x0000000084700000, 0x0000000084800000|  0%| F|  |TAMS 0x0000000084700000, 0x0000000084700000| Untracked 
|  54|0x0000000084800000, 0x0000000084800000, 0x0000000084900000|  0%| F|  |TAMS 0x0000000084800000, 0x0000000084800000| Untracked 
|  55|0x0000000084900000, 0x0000000084900000, 0x0000000084a00000|  0%| F|  |TAMS 0x0000000084900000, 0x0000000084900000| Untracked 
|  56|0x0000000084a00000, 0x0000000084a00000, 0x0000000084b00000|  0%| F|  |TAMS 0x0000000084a00000, 0x0000000084a00000| Untracked 
|  57|0x0000000084b00000, 0x0000000084b00000, 0x0000000084c00000|  0%| F|  |TAMS 0x0000000084b00000, 0x0000000084b00000| Untracked 
|  58|0x0000000084c00000, 0x0000000084c00000, 0x0000000084d00000|  0%| F|  |TAMS 0x0000000084c00000, 0x0000000084c00000| Untracked 
|  59|0x0000000084d00000, 0x0000000084d00000, 0x0000000084e00000|  0%| F|  |TAMS 0x0000000084d00000, 0x0000000084d00000| Untracked 
|  60|0x0000000084e00000, 0x0000000084e00000, 0x0000000084f00000|  0%| F|  |TAMS 0x0000000084e00000, 0x0000000084e00000| Untracked 
|  61|0x0000000084f00000, 0x0000000084f00000, 0x0000000085000000|  0%| F|  |TAMS 0x0000000084f00000, 0x0000000084f00000| Untracked 
|  62|0x0000000085000000, 0x0000000085000000, 0x0000000085100000|  0%| F|  |TAMS 0x0000000085000000, 0x0000000085000000| Untracked 
|  63|0x0000000085100000, 0x0000000085100000, 0x0000000085200000|  0%| F|  |TAMS 0x0000000085100000, 0x0000000085100000| Untracked 
|  64|0x0000000085200000, 0x0000000085200000, 0x0000000085300000|  0%| F|  |TAMS 0x0000000085200000, 0x0000000085200000| Untracked 
|  65|0x0000000085300000, 0x0000000085300000, 0x0000000085400000|  0%| F|  |TAMS 0x0000000085300000, 0x0000000085300000| Untracked 
|  66|0x0000000085400000, 0x0000000085400000, 0x0000000085500000|  0%| F|  |TAMS 0x0000000085400000, 0x0000000085400000| Untracked 
|  67|0x0000000085500000, 0x0000000085500000, 0x0000000085600000|  0%| F|  |TAMS 0x0000000085500000, 0x0000000085500000| Untracked 
|  68|0x0000000085600000, 0x0000000085600000, 0x0000000085700000|  0%| F|  |TAMS 0x0000000085600000, 0x0000000085600000| Untracked 
|  69|0x0000000085700000, 0x0000000085700000, 0x0000000085800000|  0%| F|  |TAMS 0x0000000085700000, 0x0000000085700000| Untracked 
|  70|0x0000000085800000, 0x0000000085800000, 0x0000000085900000|  0%| F|  |TAMS 0x0000000085800000, 0x0000000085800000| Untracked 
|  71|0x0000000085900000, 0x0000000085900000, 0x0000000085a00000|  0%| F|  |TAMS 0x0000000085900000, 0x0000000085900000| Untracked 
|  72|0x0000000085a00000, 0x0000000085a00000, 0x0000000085b00000|  0%| F|  |TAMS 0x0000000085a00000, 0x0000000085a00000| Untracked 
|  73|0x0000000085b00000, 0x0000000085b00000, 0x0000000085c00000|  0%| F|  |TAMS 0x0000000085b00000, 0x0000000085b00000| Untracked 
|  74|0x0000000085c00000, 0x0000000085c00000, 0x0000000085d00000|  0%| F|  |TAMS 0x0000000085c00000, 0x0000000085c00000| Untracked 
|  75|0x0000000085d00000, 0x0000000085d00000, 0x0000000085e00000|  0%| F|  |TAMS 0x0000000085d00000, 0x0000000085d00000| Untracked 
|  76|0x0000000085e00000, 0x0000000085e00000, 0x0000000085f00000|  0%| F|  |TAMS 0x0000000085e00000, 0x0000000085e00000| Untracked 
|  77|0x0000000085f00000, 0x0000000085f00000, 0x0000000086000000|  0%| F|  |TAMS 0x0000000085f00000, 0x0000000085f00000| Untracked 
|  78|0x0000000086000000, 0x0000000086000000, 0x0000000086100000|  0%| F|  |TAMS 0x0000000086000000, 0x0000000086000000| Untracked 
|  79|0x0000000086100000, 0x0000000086100000, 0x0000000086200000|  0%| F|  |TAMS 0x0000000086100000, 0x0000000086100000| Untracked 
|  80|0x0000000086200000, 0x0000000086200000, 0x0000000086300000|  0%| F|  |TAMS 0x0000000086200000, 0x0000000086200000| Untracked 
|  81|0x0000000086300000, 0x0000000086300000, 0x0000000086400000|  0%| F|  |TAMS 0x0000000086300000, 0x0000000086300000| Untracked 
|  82|0x0000000086400000, 0x0000000086400000, 0x0000000086500000|  0%| F|  |TAMS 0x0000000086400000, 0x0000000086400000| Untracked 
|  83|0x0000000086500000, 0x0000000086500000, 0x0000000086600000|  0%| F|  |TAMS 0x0000000086500000, 0x0000000086500000| Untracked 
|  84|0x0000000086600000, 0x0000000086600000, 0x0000000086700000|  0%| F|  |TAMS 0x0000000086600000, 0x0000000086600000| Untracked 
|  85|0x0000000086700000, 0x0000000086700000, 0x0000000086800000|  0%| F|  |TAMS 0x0000000086700000, 0x0000000086700000| Untracked 
|  86|0x0000000086800000, 0x0000000086800000, 0x0000000086900000|  0%| F|  |TAMS 0x0000000086800000, 0x0000000086800000| Untracked 
|  87|0x0000000086900000, 0x0000000086900000, 0x0000000086a00000|  0%| F|  |TAMS 0x0000000086900000, 0x0000000086900000| Untracked 
|  88|0x0000000086a00000, 0x0000000086a00000, 0x0000000086b00000|  0%| F|  |TAMS 0x0000000086a00000, 0x0000000086a00000| Untracked 
|  89|0x0000000086b00000, 0x0000000086b00000, 0x0000000086c00000|  0%| F|  |TAMS 0x0000000086b00000, 0x0000000086b00000| Untracked 
|  90|0x0000000086c00000, 0x0000000086c00000, 0x0000000086d00000|  0%| F|  |TAMS 0x0000000086c00000, 0x0000000086c00000| Untracked 
|  91|0x0000000086d00000, 0x0000000086d00000, 0x0000000086e00000|  0%| F|  |TAMS 0x0000000086d00000, 0x0000000086d00000| Untracked 
|  92|0x0000000086e00000, 0x0000000086e00000, 0x0000000086f00000|  0%| F|  |TAMS 0x0000000086e00000, 0x0000000086e00000| Untracked 
|  93|0x0000000086f00000, 0x0000000086f00000, 0x0000000087000000|  0%| F|  |TAMS 0x0000000086f00000, 0x0000000086f00000| Untracked 
|  94|0x0000000087000000, 0x00000000870b1df0, 0x0000000087100000| 69%| S|CS|TAMS 0x0000000087000000, 0x0000000087000000| Complete 
|  95|0x0000000087100000, 0x0000000087200000, 0x0000000087200000|100%| S|CS|TAMS 0x0000000087100000, 0x0000000087100000| Complete 
|  96|0x0000000087200000, 0x0000000087300000, 0x0000000087300000|100%| S|CS|TAMS 0x0000000087200000, 0x0000000087200000| Complete 
|  97|0x0000000087300000, 0x0000000087390240, 0x0000000087400000| 56%| E|  |TAMS 0x0000000087300000, 0x0000000087300000| Complete 
|  98|0x0000000087400000, 0x0000000087500000, 0x0000000087500000|100%| E|CS|TAMS 0x0000000087400000, 0x0000000087400000| Complete 
|  99|0x0000000087500000, 0x0000000087600000, 0x0000000087600000|100%| E|CS|TAMS 0x0000000087500000, 0x0000000087500000| Complete 
| 100|0x0000000087600000, 0x0000000087700000, 0x0000000087700000|100%| E|CS|TAMS 0x0000000087600000, 0x0000000087600000| Complete 
| 101|0x0000000087700000, 0x0000000087800000, 0x0000000087800000|100%| E|CS|TAMS 0x0000000087700000, 0x0000000087700000| Complete 
| 102|0x0000000087800000, 0x0000000087900000, 0x0000000087900000|100%| E|CS|TAMS 0x0000000087800000, 0x0000000087800000| Complete 
| 103|0x0000000087900000, 0x0000000087a00000, 0x0000000087a00000|100%| E|CS|TAMS 0x0000000087900000, 0x0000000087900000| Complete 
| 104|0x0000000087a00000, 0x0000000087b00000, 0x0000000087b00000|100%| E|CS|TAMS 0x0000000087a00000, 0x0000000087a00000| Complete 
| 105|0x0000000087b00000, 0x0000000087c00000, 0x0000000087c00000|100%| E|CS|TAMS 0x0000000087b00000, 0x0000000087b00000| Complete 
| 106|0x0000000087c00000, 0x0000000087d00000, 0x0000000087d00000|100%| E|CS|TAMS 0x0000000087c00000, 0x0000000087c00000| Complete 
| 107|0x0000000087d00000, 0x0000000087e00000, 0x0000000087e00000|100%| E|CS|TAMS 0x0000000087d00000, 0x0000000087d00000| Complete 
| 108|0x0000000087e00000, 0x0000000087f00000, 0x0000000087f00000|100%| E|CS|TAMS 0x0000000087e00000, 0x0000000087e00000| Complete 
| 109|0x0000000087f00000, 0x0000000088000000, 0x0000000088000000|100%| E|CS|TAMS 0x0000000087f00000, 0x0000000087f00000| Complete 
| 110|0x0000000088000000, 0x0000000088100000, 0x0000000088100000|100%| E|CS|TAMS 0x0000000088000000, 0x0000000088000000| Complete 
| 111|0x0000000088100000, 0x0000000088200000, 0x0000000088200000|100%| E|CS|TAMS 0x0000000088100000, 0x0000000088100000| Complete 
| 112|0x0000000088200000, 0x0000000088300000, 0x0000000088300000|100%| E|CS|TAMS 0x0000000088200000, 0x0000000088200000| Complete 
| 113|0x0000000088300000, 0x0000000088400000, 0x0000000088400000|100%| E|CS|TAMS 0x0000000088300000, 0x0000000088300000| Complete 
| 114|0x0000000088400000, 0x0000000088500000, 0x0000000088500000|100%| E|CS|TAMS 0x0000000088400000, 0x0000000088400000| Complete 
| 115|0x0000000088500000, 0x0000000088600000, 0x0000000088600000|100%| E|CS|TAMS 0x0000000088500000, 0x0000000088500000| Complete 
| 116|0x0000000088600000, 0x0000000088700000, 0x0000000088700000|100%| E|CS|TAMS 0x0000000088600000, 0x0000000088600000| Complete 
| 117|0x0000000088700000, 0x0000000088800000, 0x0000000088800000|100%| E|CS|TAMS 0x0000000088700000, 0x0000000088700000| Complete 
| 118|0x0000000088800000, 0x0000000088900000, 0x0000000088900000|100%| E|CS|TAMS 0x0000000088800000, 0x0000000088800000| Complete 
| 119|0x0000000088900000, 0x0000000088a00000, 0x0000000088a00000|100%| E|CS|TAMS 0x0000000088900000, 0x0000000088900000| Complete 
| 120|0x0000000088a00000, 0x0000000088b00000, 0x0000000088b00000|100%| E|CS|TAMS 0x0000000088a00000, 0x0000000088a00000| Complete 
| 121|0x0000000088b00000, 0x0000000088c00000, 0x0000000088c00000|100%| E|CS|TAMS 0x0000000088b00000, 0x0000000088b00000| Complete 
| 122|0x0000000088c00000, 0x0000000088d00000, 0x0000000088d00000|100%| E|CS|TAMS 0x0000000088c00000, 0x0000000088c00000| Complete 
| 123|0x0000000088d00000, 0x0000000088e00000, 0x0000000088e00000|100%| E|CS|TAMS 0x0000000088d00000, 0x0000000088d00000| Complete 
| 124|0x0000000088e00000, 0x0000000088f00000, 0x0000000088f00000|100%| E|CS|TAMS 0x0000000088e00000, 0x0000000088e00000| Complete 
| 125|0x0000000088f00000, 0x0000000089000000, 0x0000000089000000|100%| E|CS|TAMS 0x0000000088f00000, 0x0000000088f00000| Complete 
| 126|0x0000000089000000, 0x0000000089100000, 0x0000000089100000|100%| E|CS|TAMS 0x0000000089000000, 0x0000000089000000| Complete 
| 127|0x0000000089100000, 0x0000000089200000, 0x0000000089200000|100%| E|CS|TAMS 0x0000000089100000, 0x0000000089100000| Complete 

Card table byte_map: [0x00000228a6f60000,0x00000228a7360000] _byte_map_base: 0x00000228a6b57000

Marking Bits (Prev, Next): (CMBitMap*) 0x000002288f91ef80, (CMBitMap*) 0x000002288f91efc0
 Prev Bits: [0x00000228a7760000, 0x00000228a9718000)
 Next Bits: [0x00000228a9720000, 0x00000228ab6d8000)

Polling page: 0x000002288d880000

Metaspace:

Usage:
  Non-class:      9.60 MB used.
      Class:      1.29 MB used.
       Both:     10.89 MB used.

Virtual space:
  Non-class space:       64.00 MB reserved,       9.81 MB ( 15%) committed,  1 nodes.
      Class space:        1.00 GB reserved,       1.50 MB ( <1%) committed,  1 nodes.
             Both:        1.06 GB reserved,      11.31 MB (  1%) committed. 

Chunk freelists:
   Non-Class:  838.00 KB
       Class:  2.52 MB
        Both:  3.34 MB

MaxMetaspaceSize: unlimited
CompressedClassSpaceSize: 1.00 GB
Initial GC threshold: 21.00 MB
Current GC threshold: 21.00 MB
CDS: on
MetaspaceReclaimPolicy: balanced
 - commit_granule_bytes: 65536.
 - commit_granule_words: 8192.
 - virtual_space_node_default_size: 8388608.
 - enlarge_chunks_in_place: 1.
 - new_chunks_are_fully_committed: 0.
 - uncommit_free_chunks: 1.
 - use_allocation_guard: 0.


Internal statistics:

num_allocs_failed_limit: 0.
num_arena_births: 580.
num_arena_deaths: 0.
num_vsnodes_births: 2.
num_vsnodes_deaths: 0.
num_space_committed: 181.
num_space_uncommitted: 0.
num_chunks_returned_to_freelist: 0.
num_chunks_taken_from_freelist: 1080.
num_chunk_merges: 0.
num_chunk_splits: 661.
num_chunks_enlarged: 309.
num_inconsistent_stats: 0.

CodeHeap 'non-profiled nmethods': size=120000Kb used=836Kb max_used=836Kb free=119163Kb
 bounds [0x000002289f300000, 0x000002289f570000, 0x00000228a6830000]
CodeHeap 'profiled nmethods': size=120000Kb used=3412Kb max_used=3412Kb free=116587Kb
 bounds [0x0000022897830000, 0x0000022897b90000, 0x000002289ed60000]
CodeHeap 'non-nmethods': size=5760Kb used=1258Kb max_used=1310Kb free=4501Kb
 bounds [0x000002289ed60000, 0x000002289efd0000, 0x000002289f300000]
 total_blobs=2445 nmethods=1980 adapters=375
 compilation: enabled
              stopped_count=0, restarted_count=0
 full_count=0

Compilation events (20 events):
Event: 1.798 Thread 0x00000228ae1172b0 nmethod 1975 0x0000022897b7bd10 code [0x0000022897b7bec0, 0x0000022897b7c108]
Event: 1.799 Thread 0x00000228ae1172b0 1977       2       java.util.stream.FindOps$FindOp::evaluateSequential (39 bytes)
Event: 1.799 Thread 0x00000228ae1172b0 nmethod 1977 0x0000022897b7c210 code [0x0000022897b7c3e0, 0x0000022897b7c628]
Event: 1.799 Thread 0x00000228ae1172b0 1978       2       java.util.stream.FindOps$FindSink::<init> (5 bytes)
Event: 1.799 Thread 0x00000228ae1172b0 nmethod 1978 0x0000022897b7c790 code [0x0000022897b7c920, 0x0000022897b7ca18]
Event: 1.802 Thread 0x00000228ae1172b0 1980       1       java.net.URI::getScheme (5 bytes)
Event: 1.802 Thread 0x00000228ae1172b0 nmethod 1980 0x000002289f3cc490 code [0x000002289f3cc620, 0x000002289f3cc6d8]
Event: 1.802 Thread 0x00000228ae1172b0 1981   !   2       sun.nio.cs.StreamDecoder::readBytes (271 bytes)
Event: 1.804 Thread 0x00000228ae1172b0 nmethod 1981 0x0000022897b7ca90 code [0x0000022897b7cd40, 0x0000022897b7d468]
Event: 1.812 Thread 0x00000228ae1172b0 1984   !   2       java.lang.Thread::blockedOn (27 bytes)
Event: 1.812 Thread 0x00000228ae1172b0 nmethod 1984 0x0000022897b7db10 code [0x0000022897b7dcc0, 0x0000022897b7def8]
Event: 1.820 Thread 0x00000228ae1172b0 1988       2       java.io.WinNTFileSystem::isLetter (30 bytes)
Event: 1.820 Thread 0x00000228ae1172b0 nmethod 1988 0x0000022897b7e010 code [0x0000022897b7e1a0, 0x0000022897b7e2f8]
Event: 1.827 Thread 0x00000228ae1172b0 1991       2       java.nio.HeapByteBuffer::compact (85 bytes)
Event: 1.828 Thread 0x00000228ae1172b0 nmethod 1991 0x0000022897b7e390 code [0x0000022897b7e540, 0x0000022897b7e788]
Event: 1.832 Thread 0x00000228ae1172b0 1994       1       java.lang.StringUTF16$CharsSpliterator::characteristics (5 bytes)
Event: 1.832 Thread 0x00000228ae1172b0 nmethod 1994 0x000002289f3ccb90 code [0x000002289f3ccd20, 0x000002289f3ccdd8]
Event: 1.838 Thread 0x00000228ae1172b0 1996       2       java.util.stream.FindOps$FindSink::accept (18 bytes)
Event: 1.838 Thread 0x00000228ae1172b0 nmethod 1996 0x0000022897b7e890 code [0x0000022897b7ea20, 0x0000022897b7eb78]
Event: 1.840 Thread 0x00000228ae1172b0 1997       2       java.io.WinNTFileSystem::normalize (224 bytes)

GC Heap History (4 events):
Event: 0.569 GC heap before
{Heap before GC invocations=0 (full 0):
 garbage-first heap   total 131072K, used 22528K [0x0000000081200000, 0x0000000100000000)
  region size 1024K, 23 young (23552K), 0 survivors (0K)
 Metaspace       used 8515K, committed 8768K, reserved 1114112K
  class space    used 952K, committed 1088K, reserved 1048576K
}
Event: 0.576 GC heap after
{Heap after GC invocations=1 (full 0):
 garbage-first heap   total 131072K, used 4970K [0x0000000081200000, 0x0000000100000000)
  region size 1024K, 3 young (3072K), 3 survivors (3072K)
 Metaspace       used 8515K, committed 8768K, reserved 1114112K
  class space    used 952K, committed 1088K, reserved 1048576K
}
Event: 1.718 GC heap before
{Heap before GC invocations=1 (full 0):
 garbage-first heap   total 131072K, used 32618K [0x0000000081200000, 0x0000000100000000)
  region size 1024K, 31 young (31744K), 3 survivors (3072K)
 Metaspace       used 11114K, committed 11584K, reserved 1114112K
  class space    used 1320K, committed 1536K, reserved 1048576K
}
Event: 1.724 GC heap after
{Heap after GC invocations=2 (full 0):
 garbage-first heap   total 131072K, used 8076K [0x0000000081200000, 0x0000000100000000)
  region size 1024K, 3 young (3072K), 3 survivors (3072K)
 Metaspace       used 11114K, committed 11584K, reserved 1114112K
  class space    used 1320K, committed 1536K, reserved 1048576K
}

Dll operation events (6 events):
Event: 0.005 Loaded shared library C:\Program Files\Java\jdk-19\bin\java.dll
Event: 0.013 Loaded shared library C:\Program Files\Java\jdk-19\bin\jsvml.dll
Event: 0.067 Loaded shared library C:\Program Files\Java\jdk-19\bin\jimage.dll
Event: 0.074 Loaded shared library C:\Program Files\Java\jdk-19\bin\net.dll
Event: 0.075 Loaded shared library C:\Program Files\Java\jdk-19\bin\nio.dll
Event: 0.761 Loaded shared library C:\Program Files\Java\jdk-19\bin\extnet.dll

Deoptimization events (20 events):
Event: 1.657 Thread 0x00000228b2d83e20 DEOPT PACKING pc=0x000002289f3b27d0 sp=0x0000003e55efedb0
Event: 1.657 Thread 0x00000228b2d813a0 Uncommon trap: trap_request=0xffffffbe fr.pc=0x000002289f3b27d0 relative=0x0000000000001190
Event: 1.657 Thread 0x00000228b2d813a0 Uncommon trap: reason=profile_predicate action=maybe_recompile pc=0x000002289f3b27d0 method=java.util.regex.Pattern$CharPropertyGreedy.match(Ljava/util/regex/Matcher;ILjava/lang/CharSequence;)Z @ 15 c2
Event: 1.657 Thread 0x00000228b2d83e20 DEOPT UNPACKING pc=0x000002289edc6da3 sp=0x0000003e55efed50 mode 2
Event: 1.657 Thread 0x00000228b2d813a0 DEOPT PACKING pc=0x000002289f3b27d0 sp=0x0000003e563fed10
Event: 1.657 Thread 0x00000228b2d813a0 DEOPT UNPACKING pc=0x000002289edc6da3 sp=0x0000003e563fecb0 mode 2
Event: 1.657 Thread 0x00000228b2d83380 Uncommon trap: trap_request=0xffffffbe fr.pc=0x000002289f3b27d0 relative=0x0000000000001190
Event: 1.657 Thread 0x00000228b2d83380 Uncommon trap: reason=profile_predicate action=maybe_recompile pc=0x000002289f3b27d0 method=java.util.regex.Pattern$CharPropertyGreedy.match(Ljava/util/regex/Matcher;ILjava/lang/CharSequence;)Z @ 15 c2
Event: 1.657 Thread 0x00000228b2d83380 DEOPT PACKING pc=0x000002289f3b27d0 sp=0x0000003e561fefb0
Event: 1.657 Thread 0x00000228b2d83380 DEOPT UNPACKING pc=0x000002289edc6da3 sp=0x0000003e561fef50 mode 2
Event: 1.657 Thread 0x00000228b2d83380 Uncommon trap: trap_request=0xffffffbe fr.pc=0x000002289f3a8c7c relative=0x000000000000123c
Event: 1.657 Thread 0x00000228b2d83380 Uncommon trap: reason=profile_predicate action=maybe_recompile pc=0x000002289f3a8c7c method=java.util.regex.Pattern$CharPropertyGreedy.match(Ljava/util/regex/Matcher;ILjava/lang/CharSequence;)Z @ 12 c2
Event: 1.657 Thread 0x00000228b2d83380 DEOPT PACKING pc=0x000002289f3a8c7c sp=0x0000003e561fef80
Event: 1.657 Thread 0x00000228b2d83380 DEOPT UNPACKING pc=0x000002289edc6da3 sp=0x0000003e561fef60 mode 2
Event: 1.657 Thread 0x00000228b2d82e30 Uncommon trap: trap_request=0xffffffbe fr.pc=0x000002289f3a8c7c relative=0x000000000000123c
Event: 1.657 Thread 0x00000228b2d82e30 Uncommon trap: reason=profile_predicate action=maybe_recompile pc=0x000002289f3a8c7c method=java.util.regex.Pattern$CharPropertyGreedy.match(Ljava/util/regex/Matcher;ILjava/lang/CharSequence;)Z @ 12 c2
Event: 1.657 Thread 0x00000228b2d82e30 DEOPT PACKING pc=0x000002289f3a8c7c sp=0x0000003e55dfee20
Event: 1.657 Thread 0x00000228b2d82e30 DEOPT UNPACKING pc=0x000002289edc6da3 sp=0x0000003e55dfee00 mode 2
Event: 1.732 Thread 0x00000228b2d7f910 DEOPT PACKING pc=0x0000022897b728d1 sp=0x0000003e56afed00
Event: 1.732 Thread 0x00000228b2d7f910 DEOPT UNPACKING pc=0x000002289edc7543 sp=0x0000003e56afe128 mode 0

Classes loaded (20 events):
Event: 0.825 Loading class sun/util/resources/LocaleData$LocaleDataResourceBundleProvider done
Event: 0.825 Loading class sun/util/resources/LocaleData$CommonResourceBundleProvider done
Event: 0.827 Loading class java/util/ArrayList$SubList$1
Event: 0.827 Loading class java/util/ArrayList$SubList$1 done
Event: 0.827 Loading class sun/text/resources/cldr/FormatData_en
Event: 0.828 Loading class sun/text/resources/cldr/FormatData_en done
Event: 0.829 Loading class sun/util/resources/Bundles$2
Event: 0.829 Loading class sun/util/resources/Bundles$2 done
Event: 0.829 Loading class java/lang/InstantiationException
Event: 0.829 Loading class java/lang/InstantiationException done
Event: 0.844 Loading class java/nio/channels/spi/AbstractInterruptibleChannel$1
Event: 0.844 Loading class sun/nio/ch/Interruptible
Event: 0.844 Loading class sun/nio/ch/Interruptible done
Event: 0.844 Loading class java/nio/channels/spi/AbstractInterruptibleChannel$1 done
Event: 0.845 Loading class java/util/regex/Matcher$ImmutableMatchResult
Event: 0.846 Loading class java/util/regex/Matcher$ImmutableMatchResult done
Event: 0.934 Loading class java/lang/foreign/MemorySegment
Event: 0.935 Loading class java/lang/foreign/Addressable
Event: 0.935 Loading class java/lang/foreign/Addressable done
Event: 0.936 Loading class java/lang/foreign/MemorySegment done

Classes unloaded (0 events):
No events

Classes redefined (0 events):
No events

Internal exceptions (20 events):
Event: 0.810 Thread 0x00000228b2d80900 Exception <a 'java/io/FileNotFoundException'{0x0000000088573418}> (0x0000000088573418) 
thrown [s\open\src\hotspot\share\prims\jni.cpp, line 517]
Event: 0.810 Thread 0x00000228b2d838d0 Exception <a 'java/io/FileNotFoundException'{0x00000000887b4248}> (0x00000000887b4248) 
thrown [s\open\src\hotspot\share\prims\jni.cpp, line 517]
Event: 0.810 Thread 0x00000228b2d80e50 Exception <a 'java/io/FileNotFoundException'{0x0000000088721cd8}> (0x0000000088721cd8) 
thrown [s\open\src\hotspot\share\prims\jni.cpp, line 517]
Event: 0.810 Thread 0x00000228b2d818f0 Exception <a 'java/io/FileNotFoundException'{0x00000000886b1580}> (0x00000000886b1580) 
thrown [s\open\src\hotspot\share\prims\jni.cpp, line 517]
Event: 0.810 Thread 0x00000228b2d7c940 Exception <a 'java/io/FileNotFoundException'{0x00000000885176f8}> (0x00000000885176f8) 
thrown [s\open\src\hotspot\share\prims\jni.cpp, line 517]
Event: 0.810 Thread 0x00000228b2d7ee70 Exception <a 'java/io/FileNotFoundException'{0x0000000088684b58}> (0x0000000088684b58) 
thrown [s\open\src\hotspot\share\prims\jni.cpp, line 517]
Event: 0.810 Thread 0x00000228b2d7fe60 Exception <a 'java/io/FileNotFoundException'{0x0000000088ab6a68}> (0x0000000088ab6a68) 
thrown [s\open\src\hotspot\share\prims\jni.cpp, line 517]
Event: 0.810 Thread 0x00000228b2d82e30 Exception <a 'java/io/FileNotFoundException'{0x00000000888b69a0}> (0x00000000888b69a0) 
thrown [s\open\src\hotspot\share\prims\jni.cpp, line 517]
Event: 0.810 Thread 0x00000228b2d83e20 Exception <a 'java/io/FileNotFoundException'{0x00000000889af330}> (0x00000000889af330) 
thrown [s\open\src\hotspot\share\prims\jni.cpp, line 517]
Event: 0.811 Thread 0x00000228b2d7d930 Exception <a 'java/io/FileNotFoundException'{0x000000008859c5c0}> (0x000000008859c5c0) 
thrown [s\open\src\hotspot\share\prims\jni.cpp, line 517]
Event: 0.811 Thread 0x00000228b2d7f3c0 Exception <a 'java/io/FileNotFoundException'{0x00000000889769e8}> (0x00000000889769e8) 
thrown [s\open\src\hotspot\share\prims\jni.cpp, line 517]
Event: 0.811 Thread 0x00000228b2d83380 Exception <a 'java/io/FileNotFoundException'{0x00000000887e72e8}> (0x00000000887e72e8) 
thrown [s\open\src\hotspot\share\prims\jni.cpp, line 517]
Event: 0.811 Thread 0x00000228b2d7ce90 Exception <a 'java/io/FileNotFoundException'{0x0000000088a26c58}> (0x0000000088a26c58) 
thrown [s\open\src\hotspot\share\prims\jni.cpp, line 517]
Event: 0.811 Thread 0x00000228b2d803b0 Exception <a 'java/io/FileNotFoundException'{0x00000000888e6458}> (0x00000000888e6458) 
thrown [s\open\src\hotspot\share\prims\jni.cpp, line 517]
Event: 0.811 Thread 0x00000228b2d7f910 Exception <a 'java/io/FileNotFoundException'{0x0000000088a58278}> (0x0000000088a58278) 
thrown [s\open\src\hotspot\share\prims\jni.cpp, line 517]
Event: 0.811 Thread 0x00000228b2d81e40 Exception <a 'java/io/FileNotFoundException'{0x00000000887518b8}> (0x00000000887518b8) 
thrown [s\open\src\hotspot\share\prims\jni.cpp, line 517]
Event: 0.811 Thread 0x00000228ae115640 Exception <a 'java/io/FileNotFoundException'{0x00000000886da798}> (0x00000000886da798) 
thrown [s\open\src\hotspot\share\prims\jni.cpp, line 517]
Event: 0.811 Thread 0x00000228b2d7de80 Exception <a 'java/io/FileNotFoundException'{0x0000000088613c10}> (0x0000000088613c10) 
thrown [s\open\src\hotspot\share\prims\jni.cpp, line 517]
Event: 0.811 Thread 0x00000228b2d7e3d0 Exception <a 'java/io/FileNotFoundException'{0x0000000088a8cb80}> (0x0000000088a8cb80) 
thrown [s\open\src\hotspot\share\prims\jni.cpp, line 517]
Event: 0.812 Thread 0x00000228b2d82390 Exception <a 'java/io/FileNotFoundException'{0x00000000887875b0}> (0x00000000887875b0) 
thrown [s\open\src\hotspot\share\prims\jni.cpp, line 517]

VM Operations (20 events):
Event: 0.157 Executing VM operation: HandshakeAllThreads
Event: 0.157 Executing VM operation: HandshakeAllThreads done
Event: 0.366 Executing VM operation: HandshakeAllThreads
Event: 0.366 Executing VM operation: HandshakeAllThreads done
Event: 0.373 Executing VM operation: HandshakeAllThreads
Event: 0.373 Executing VM operation: HandshakeAllThreads done
Event: 0.438 Executing VM operation: HandshakeAllThreads
Event: 0.438 Executing VM operation: HandshakeAllThreads done
Event: 0.524 Executing VM operation: ICBufferFull
Event: 0.524 Executing VM operation: ICBufferFull done
Event: 0.569 Executing VM operation: G1CollectForAllocation
Event: 0.576 Executing VM operation: G1CollectForAllocation done
Event: 0.701 Executing VM operation: ICBufferFull
Event: 0.701 Executing VM operation: ICBufferFull done
Event: 0.748 Executing VM operation: HandshakeAllThreads
Event: 0.748 Executing VM operation: HandshakeAllThreads done
Event: 0.839 Executing VM operation: HandshakeAllThreads
Event: 0.839 Executing VM operation: HandshakeAllThreads done
Event: 1.702 Executing VM operation: G1CollectForAllocation
Event: 1.731 Executing VM operation: G1CollectForAllocation done

Events (20 events):
Event: 1.658 Thread 0x00000228b2d7c940 Thread added: 0x00000228b2d7c940
Event: 1.672 Thread 0x00000228b2a58bd0 Thread added: 0x00000228b2a58bd0
Event: 1.679 Thread 0x00000228b2d7ce90 Thread added: 0x00000228b2d7ce90
Event: 1.679 Thread 0x00000228b2d7f910 Thread added: 0x00000228b2d7f910
Event: 1.679 Thread 0x00000228b2d80e50 Thread added: 0x00000228b2d80e50
Event: 1.680 Thread 0x00000228b2d7d930 Thread added: 0x00000228b2d7d930
Event: 1.680 Thread 0x00000228b2d81e40 Thread added: 0x00000228b2d81e40
Event: 1.680 Thread 0x00000228b2d7de80 Thread added: 0x00000228b2d7de80
Event: 1.680 Thread 0x00000228b2d7e3d0 Thread added: 0x00000228b2d7e3d0
Event: 1.680 Thread 0x00000228b2d7e920 Thread added: 0x00000228b2d7e920
Event: 1.680 Thread 0x00000228b2d7ee70 Thread added: 0x00000228b2d7ee70
Event: 1.680 Thread 0x00000228b2d7f3c0 Thread added: 0x00000228b2d7f3c0
Event: 1.680 Thread 0x00000228ae1150f0 Thread added: 0x00000228ae1150f0
Event: 1.680 Thread 0x00000228ae115640 Thread added: 0x00000228ae115640
Event: 1.680 Thread 0x00000228b2feb930 Thread added: 0x00000228b2feb930
Event: 1.680 Thread 0x00000228b2fec3d0 Thread added: 0x00000228b2fec3d0
Event: 1.681 Thread 0x00000228b2fe6430 Thread added: 0x00000228b2fe6430
Event: 1.681 Thread 0x00000228b2fec920 Thread added: 0x00000228b2fec920
Event: 1.681 Thread 0x00000228b2fe7420 Thread added: 0x00000228b2fe7420
Event: 1.725 Thread 0x00000228b3933bb0 Thread added: 0x00000228b3933bb0


Dynamic libraries:
0x00007ff76c6a0000 - 0x00007ff76c6b0000 	C:\Program Files\Java\jdk-19\bin\java.exe
0x00007ffe2d6d0000 - 0x00007ffe2d8c8000 	C:\WINDOWS\SYSTEM32\ntdll.dll
0x00007ffe2c8d0000 - 0x00007ffe2c98f000 	C:\WINDOWS\System32\KERNEL32.DLL
0x00007ffe2af40000 - 0x00007ffe2b212000 	C:\WINDOWS\System32\KERNELBASE.dll
0x00007ffe2b510000 - 0x00007ffe2b610000 	C:\WINDOWS\System32\ucrtbase.dll
0x00007ffe13640000 - 0x00007ffe13658000 	C:\Program Files\Java\jdk-19\bin\jli.dll
0x00007ffe2c520000 - 0x00007ffe2c5ce000 	C:\WINDOWS\System32\ADVAPI32.dll
0x00007ffe0f840000 - 0x00007ffe0f85b000 	C:\Program Files\Java\jdk-19\bin\VCRUNTIME140.dll
0x00007ffe2d050000 - 0x00007ffe2d0ee000 	C:\WINDOWS\System32\msvcrt.dll
0x00007ffe2c0a0000 - 0x00007ffe2c13c000 	C:\WINDOWS\System32\sechost.dll
0x00007ffe2cf20000 - 0x00007ffe2d045000 	C:\WINDOWS\System32\RPCRT4.dll
0x00007ffe2b7b0000 - 0x00007ffe2b94d000 	C:\WINDOWS\System32\USER32.dll
0x00007ffe2af10000 - 0x00007ffe2af32000 	C:\WINDOWS\System32\win32u.dll
0x00007ffe15d90000 - 0x00007ffe1602a000 	C:\WINDOWS\WinSxS\amd64_microsoft.windows.common-controls_6595b64144ccf1df_6.0.19041.1110_none_60b5254171f9507e\COMCTL32.dll
0x00007ffe2b720000 - 0x00007ffe2b74b000 	C:\WINDOWS\System32\GDI32.dll
0x00007ffe2b270000 - 0x00007ffe2b37f000 	C:\WINDOWS\System32\gdi32full.dll
0x00007ffe2b680000 - 0x00007ffe2b71d000 	C:\WINDOWS\System32\msvcp_win.dll
0x00007ffe22480000 - 0x00007ffe2248a000 	C:\WINDOWS\SYSTEM32\VERSION.dll
0x00007ffe2d3e0000 - 0x00007ffe2d412000 	C:\WINDOWS\System32\IMM32.DLL
0x00007ffe25ed0000 - 0x00007ffe25edc000 	C:\Program Files\Java\jdk-19\bin\vcruntime140_1.dll
0x00007ffdfd1c0000 - 0x00007ffdfd24e000 	C:\Program Files\Java\jdk-19\bin\msvcp140.dll
0x00007ffdb4390000 - 0x00007ffdb5050000 	C:\Program Files\Java\jdk-19\bin\server\jvm.dll
0x00007ffe0f030000 - 0x00007ffe0f039000 	C:\WINDOWS\SYSTEM32\WSOCK32.dll
0x00007ffe2c680000 - 0x00007ffe2c6eb000 	C:\WINDOWS\System32\WS2_32.dll
0x00007ffe18c90000 - 0x00007ffe18cb7000 	C:\WINDOWS\SYSTEM32\WINMM.dll
0x00007ffe29620000 - 0x00007ffe29632000 	C:\WINDOWS\SYSTEM32\kernel.appcore.dll
0x00007ffe25460000 - 0x00007ffe2546a000 	C:\Program Files\Java\jdk-19\bin\jimage.dll
0x00007ffe28a00000 - 0x00007ffe28be4000 	C:\WINDOWS\SYSTEM32\DBGHELP.DLL
0x00007ffe0f000000 - 0x00007ffe0f02c000 	C:\WINDOWS\SYSTEM32\dbgcore.DLL
0x00007ffe2add0000 - 0x00007ffe2ae52000 	C:\WINDOWS\System32\bcryptPrimitives.dll
0x00007ffe0ea60000 - 0x00007ffe0ea86000 	C:\Program Files\Java\jdk-19\bin\java.dll
0x00007ffdf9a00000 - 0x00007ffdf9ad7000 	C:\Program Files\Java\jdk-19\bin\jsvml.dll
0x00007ffe2b950000 - 0x00007ffe2c093000 	C:\WINDOWS\System32\SHELL32.dll
0x00007ffe28e70000 - 0x00007ffe29602000 	C:\WINDOWS\SYSTEM32\windows.storage.dll
0x00007ffe2c1c0000 - 0x00007ffe2c514000 	C:\WINDOWS\System32\combase.dll
0x00007ffe2a830000 - 0x00007ffe2a860000 	C:\WINDOWS\SYSTEM32\Wldp.dll
0x00007ffe2c990000 - 0x00007ffe2ca3d000 	C:\WINDOWS\System32\SHCORE.dll
0x00007ffe2d630000 - 0x00007ffe2d685000 	C:\WINDOWS\System32\shlwapi.dll
0x00007ffe2ad10000 - 0x00007ffe2ad2f000 	C:\WINDOWS\SYSTEM32\profapi.dll
0x00007ffe0c200000 - 0x00007ffe0c213000 	C:\Program Files\Java\jdk-19\bin\net.dll
0x00007ffe17ac0000 - 0x00007ffe17bcc000 	C:\WINDOWS\SYSTEM32\WINHTTP.dll
0x00007ffe2a590000 - 0x00007ffe2a5fa000 	C:\WINDOWS\system32\mswsock.dll
0x00007ffe0c010000 - 0x00007ffe0c026000 	C:\Program Files\Java\jdk-19\bin\nio.dll
0x00007ffe2a270000 - 0x00007ffe2a33a000 	C:\WINDOWS\SYSTEM32\DNSAPI.dll
0x00007ffe2a230000 - 0x00007ffe2a26b000 	C:\WINDOWS\SYSTEM32\IPHLPAPI.DLL
0x00007ffe2d0f0000 - 0x00007ffe2d0f8000 	C:\WINDOWS\System32\NSI.dll
0x00007ffe21cd0000 - 0x00007ffe21cda000 	C:\Windows\System32\rasadhlp.dll
0x00007ffe149f0000 - 0x00007ffe14a70000 	C:\WINDOWS\System32\fwpuclnt.dll
0x00007ffe2b4e0000 - 0x00007ffe2b507000 	C:\WINDOWS\System32\bcrypt.dll
0x00007ffe25200000 - 0x00007ffe25208000 	C:\Program Files\Java\jdk-19\bin\extnet.dll

dbghelp: loaded successfully - version: 4.0.5 - missing functions: none
symbol engine: initialized successfully - sym options: 0x614 - pdb path: .;C:\Program Files\Java\jdk-19\bin;C:\WINDOWS\SYSTEM32;C:\WINDOWS\WinSxS\amd64_microsoft.windows.common-controls_6595b64144ccf1df_6.0.19041.1110_none_60b5254171f9507e;C:\Program Files\Java\jdk-19\bin\server

VM Arguments:
jvm_args: --add-modules=ALL-DEFAULT 
java_command: jdk.compiler/com.sun.tools.javac.launcher.Main client.java
java_class_path (initial): .
Launcher Type: SUN_STANDARD

[Global flags]
     intx CICompilerCount                          = 4                                         {product} {ergonomic}
     uint ConcGCThreads                            = 2                                         {product} {ergonomic}
     uint G1ConcRefinementThreads                  = 8                                         {product} {ergonomic}
   size_t G1HeapRegionSize                         = 1048576                                   {product} {ergonomic}
    uintx GCDrainStackTargetSize                   = 64                                        {product} {ergonomic}
   size_t InitialHeapSize                          = 134217728                                 {product} {ergonomic}
   size_t MarkStackSize                            = 4194304                                   {product} {ergonomic}
   size_t MaxHeapSize                              = 2128609280                                {product} {ergonomic}
   size_t MaxNewSize                               = 1277165568                                {product} {ergonomic}
   size_t MinHeapDeltaBytes                        = 1048576                                   {product} {ergonomic}
   size_t MinHeapSize                              = 8388608                                   {product} {ergonomic}
    uintx NonNMethodCodeHeapSize                   = 5839372                                {pd product} {ergonomic}
    uintx NonProfiledCodeHeapSize                  = 122909434                              {pd product} {ergonomic}
    uintx ProfiledCodeHeapSize                     = 122909434                              {pd product} {ergonomic}
    uintx ReservedCodeCacheSize                    = 251658240                              {pd product} {ergonomic}
     bool SegmentedCodeCache                       = true                                      {product} {ergonomic}
   size_t SoftMaxHeapSize                          = 2128609280                             {manageable} {ergonomic}
     bool UseCompressedClassPointers               = true                           {product lp64_product} {ergonomic}
     bool UseCompressedOops                        = true                           {product lp64_product} {ergonomic}
     bool UseG1GC                                  = true                                      {product} {ergonomic}
     bool UseLargePagesIndividualAllocation        = false                                  {pd product} {ergonomic}

Logging:
Log output configuration:
 #0: stdout all=warning uptime,level,tags foldmultilines=false
 #1: stderr all=off uptime,level,tags foldmultilines=false

Environment Variables:
PATH=C:\Program Files\Common Files\Oracle\Java\javapath;C:\Program Files (x86)\Cuminas\Document Express DjVu Plug-in\;C:\Program Files (x86)\Common Files\Oracle\Java\javapath;C:\WINDOWS\system32;C:\WINDOWS;C:\WINDOWS\system32\Wbem;C:\Program Files\NVIDIA GPU Computing Toolkit\CUDA\v11.0\bin;C:\Program Files\NVIDIA GPU Computing Toolkit\CUDA\v11.0\libnvvp;C:\Windows\system32;C:\Windows;C:\Windows\System32\Wbem;C:\Windows\System32\WindowsPowerShell\v1.0\;C:\Windows\System32\OpenSSH\;C:\Program Files (x86)\NVIDIA Corporation\PhysX\Common;C:\Program Files\NVIDIA Corporation\NVIDIA NvDLISR;C:\Program Files\Git\cmd;C:\Program Files\nodejs\;C:\Program Files (x86)\PuTTY\;C:\Program Files\NVIDIA Corporation\Nsight Compute 2020.1.1\;C:\WINDOWS\System32\WindowsPowerShell\v1.0\;C:\WINDOWS\System32\OpenSSH\;C:\Program Files\MATLAB\R2021a\bin;C:\Program Files\Cloudflare\Cloudflare WARP\;C:\Users\91757\AppData\Local\Programs\Python\Python39\Scripts\;C:\Users\91757\AppData\Local\Programs\Python\Python39\;C:\Users\91757\AppData\Local\Microsoft\WindowsApps;C:\Users\91757\AppData\Local\Programs\Microsoft VS Code\bin;C:\Users\91757\AppData\Roaming\npm;C:\Program Files\NVIDIA GPU Computing Toolkit\CUDA\v11.0\bin;C:\Program Files\NVIDIA GPU Computing Toolkit\CUDA\v11.0\extras\CUPTI\lib64;C:\Program Files\NVIDIA GPU Computing Toolkit\CUDA\v11.0\include;C:\Program Files\heroku\bin;C:\MinGW\bin;
USERNAME=91757
LANG=en_US.UTF-8
OS=Windows_NT
PROCESSOR_IDENTIFIER=Intel64 Family 6 Model 158 Stepping 13, GenuineIntel
TMP=C:\Users\91757\AppData\Local\Temp
TEMP=C:\Users\91757\AppData\Local\Temp



---------------  S Y S T E M  ---------------

OS:
 Windows 10 , 64 bit Build 19041 (10.0.19041.2251)
OS uptime: 0 days 8:30 hours

CPU: total 8 (initial active 8) (4 cores per cpu, 2 threads per core) family 6 model 158 stepping 13 microcode 0xea, cx8, cmov, fxsr, ht, mmx, 3dnowpref, sse, sse2, sse3, ssse3, sse4.1, sse4.2, popcnt, lzcnt, tsc, tscinvbit, avx, avx2, aes, erms, clmul, bmi1, bmi2, adx, fma, vzeroupper, clflush, clflushopt, rdtscp

Memory: 4k page, system-wide physical 8112M (960M free)
TotalPageFile size 11312M (AvailPageFile size 4M)
current process WorkingSet (physical memory assigned to process): 120M, peak: 121M
current process commit charge ("private bytes"): 250M, peak: 251M

vm_info: Java HotSpot(TM) 64-Bit Server VM (19.0.1+10-21) for windows-amd64 JRE (19.0.1+10-21), built on 2022-09-14T12:45:06Z by "mach5one" with MS VC++ 17.1 (VS2022)

END.
